This is pdfTeX, Version 3.141592653-2.6-1.40.25 (TeX Live 2023) (preloaded format=pdflatex 2023.6.24)  30 JUN 2023 14:54
entering extended mode
 restricted \write18 enabled.
 file:line:error style messages enabled.
 %&-line parsing enabled.
**"d:/sjtucyx iii/大一/Math/数学建模/学习/论文写作/2023全国大学生数学建模竞赛论文模板/mytemplate1.tex"
(d:/sjtucyx iii/大一/Math/数学建模/学习/论文写作/2023全国大学生数学建模竞赛论文模板/mytemplate1.tex
LaTeX2e <2022-11-01> patch level 1
L3 programming layer <2023-02-22> (./cumcmthesis.cls
Document Class: cumcmthesis 2017/09/16 v2.6 Standard LaTeX Template for CUMCM
(c:/Program Files/texlive/2023/texmf-dist/tex/latex/base/article.cls
Document Class: article 2022/07/02 v1.4n Standard LaTeX document class
(c:/Program Files/texlive/2023/texmf-dist/tex/latex/base/size12.clo
File: size12.clo 2022/07/02 v1.4n Standard LaTeX file (size option)
)
\c@part=\count185
\c@section=\count186
\c@subsection=\count187
\c@subsubsection=\count188
\c@paragraph=\count189
\c@subparagraph=\count190
\c@figure=\count191
\c@table=\count192
\abovecaptionskip=\skip48
\belowcaptionskip=\skip49
\bibindent=\dimen140
) (c:/Program Files/texlive/2023/texmf-dist/tex/generic/iftex/ifxetex.sty
Package: ifxetex 2019/10/25 v0.7 ifxetex legacy package. Use iftex instead.
 (c:/Program Files/texlive/2023/texmf-dist/tex/generic/iftex/iftex.sty
Package: iftex 2022/02/03 v1.0f TeX engine tests
))

 ********************************************
 * XeTeX is required to compile this document.
 * Sorry!
 ********************************************

./cumcmthesis.cls:34: Emergency stop.
<read *> 
         
l.34 \RequireXeTeX
                  
*** (cannot \read from terminal in nonstop modes)

 
Here is how much of TeX's memory you used:
 359 strings out of 476025
 5811 string characters out of 5786995
 1849382 words of memory out of 5000000
 20891 multiletter control sequences out of 15000+600000
 512585 words of font info for 33 fonts, out of 8000000 for 9000
 1141 hyphenation exceptions out of 8191
 57i,0n,62p,265b,36s stack positions out of 10000i,1000n,20000p,200000b,200000s
./cumcmthesis.cls:34:  ==> Fatal error occurred, no output PDF file produced!
